<?xml version="1.0" encoding="UTF-8"?>
<testsuite name="TicTacToeTest" tests="1" skipped="0" failures="1" errors="0" timestamp="2025-07-06T21:35:08" hostname="SB2-15" time="31.574">
  <properties/>
  <testcase name="start" classname="TicTacToeTest" time="31.574">
    <failure message="java.lang.AssertionError: Wrong answer in test #77&#10;&#10;Component &quot;ButtonB3&quot; should be enabled&#10;&#10;After selecting 'Human vs Robot', the game should start. The first player button should be set to 'Robot' and disabled. The second player button should be set to 'Human' and disabled. The Start/Reset button should be set to 'Reset' and the cells should be enabled." type="java.lang.AssertionError">java.lang.AssertionError: Wrong answer in test #77

Component &quot;ButtonB3&quot; should be enabled

After selecting 'Human vs Robot', the game should start. The first player button should be set to 'Robot' and disabled. The second player button should be set to 'Human' and disabled. The Start/Reset button should be set to 'Reset' and the cells should be enabled.
	at org.junit.Assert.fail(Assert.java:89)
	at org.hyperskill.hstest.stage.StageTest.start(StageTest.java:203)
	at java.base/jdk.internal.reflect.NativeMethodAccessorImpl.invoke0(Native Method)
	at java.base/jdk.internal.reflect.NativeMethodAccessorImpl.invoke(NativeMethodAccessorImpl.java:77)
	at java.base/jdk.internal.reflect.DelegatingMethodAccessorImpl.invoke(DelegatingMethodAccessorImpl.java:43)
	at java.base/java.lang.reflect.Method.invoke(Method.java:569)
	at org.junit.runners.model.FrameworkMethod$1.runReflectiveCall(FrameworkMethod.java:59)
	at org.junit.internal.runners.model.ReflectiveCallable.run(ReflectiveCallable.java:12)
	at org.junit.runners.model.FrameworkMethod.invokeExplosively(FrameworkMethod.java:56)
	at org.junit.internal.runners.statements.InvokeMethod.evaluate(InvokeMethod.java:17)
	at org.junit.runners.ParentRunner$3.evaluate(ParentRunner.java:306)
	at org.junit.runners.BlockJUnit4ClassRunner$1.evaluate(BlockJUnit4ClassRunner.java:100)
	at org.junit.runners.ParentRunner.runLeaf(ParentRunner.java:366)
	at org.junit.runners.BlockJUnit4ClassRunner.runChild(BlockJUnit4ClassRunner.java:103)
	at org.junit.runners.BlockJUnit4ClassRunner.runChild(BlockJUnit4ClassRunner.java:63)
	at org.junit.runners.ParentRunner$4.run(ParentRunner.java:331)
	at org.junit.runners.ParentRunner$1.schedule(ParentRunner.java:79)
	at org.junit.runners.ParentRunner.runChildren(ParentRunner.java:329)
	at org.junit.runners.ParentRunner.access$100(ParentRunner.java:66)
	at org.junit.runners.ParentRunner$2.evaluate(ParentRunner.java:293)
	at org.junit.runners.ParentRunner$3.evaluate(ParentRunner.java:306)
	at org.junit.runners.ParentRunner.run(ParentRunner.java:413)
	at org.gradle.api.internal.tasks.testing.junit.JUnitTestClassExecutor.runTestClass(JUnitTestClassExecutor.java:110)
	at org.gradle.api.internal.tasks.testing.junit.JUnitTestClassExecutor.execute(JUnitTestClassExecutor.java:58)
	at org.gradle.api.internal.tasks.testing.junit.JUnitTestClassExecutor.execute(JUnitTestClassExecutor.java:38)
	at org.gradle.api.internal.tasks.testing.junit.AbstractJUnitTestClassProcessor.processTestClass(AbstractJUnitTestClassProcessor.java:62)
	at org.gradle.api.internal.tasks.testing.SuiteTestClassProcessor.processTestClass(SuiteTestClassProcessor.java:51)
	at java.base/jdk.internal.reflect.NativeMethodAccessorImpl.invoke0(Native Method)
	at java.base/jdk.internal.reflect.NativeMethodAccessorImpl.invoke(NativeMethodAccessorImpl.java:77)
	at java.base/jdk.internal.reflect.DelegatingMethodAccessorImpl.invoke(DelegatingMethodAccessorImpl.java:43)
	at java.base/java.lang.reflect.Method.invoke(Method.java:569)
	at org.gradle.internal.dispatch.ReflectionDispatch.dispatch(ReflectionDispatch.java:36)
	at org.gradle.internal.dispatch.ReflectionDispatch.dispatch(ReflectionDispatch.java:24)
	at org.gradle.internal.dispatch.ContextClassLoaderDispatch.dispatch(ContextClassLoaderDispatch.java:33)
	at org.gradle.internal.dispatch.ProxyDispatchAdapter$DispatchingInvocationHandler.invoke(ProxyDispatchAdapter.java:94)
	at jdk.proxy1/jdk.proxy1.$Proxy2.processTestClass(Unknown Source)
	at org.gradle.api.internal.tasks.testing.worker.TestWorker$2.run(TestWorker.java:176)
	at org.gradle.api.internal.tasks.testing.worker.TestWorker.executeAndMaintainThreadName(TestWorker.java:129)
	at org.gradle.api.internal.tasks.testing.worker.TestWorker.execute(TestWorker.java:100)
	at org.gradle.api.internal.tasks.testing.worker.TestWorker.execute(TestWorker.java:60)
	at org.gradle.process.internal.worker.child.ActionExecutionWorker.execute(ActionExecutionWorker.java:56)
	at org.gradle.process.internal.worker.child.SystemApplicationClassLoaderWorker.call(SystemApplicationClassLoaderWorker.java:133)
	at org.gradle.process.internal.worker.child.SystemApplicationClassLoaderWorker.call(SystemApplicationClassLoaderWorker.java:71)
	at worker.org.gradle.process.internal.worker.GradleWorkerMain.run(GradleWorkerMain.java:69)
	at worker.org.gradle.process.internal.worker.GradleWorkerMain.main(GradleWorkerMain.java:74)
</failure>
  </testcase>
  <system-out><![CDATA[?[1;31m
Start test 1?[0m
?[1;31m
Start test 2?[0m
?[1;31m
Start test 3?[0m
?[1;31m
Start test 4?[0m
?[1;31m
Start test 5?[0m
?[1;31m
Start test 6?[0m
?[1;31m
Start test 7?[0m
?[1;31m
Start test 8?[0m
?[1;31m
Start test 9?[0m
?[1;31m
Start test 10?[0m
?[1;31m
Start test 11?[0m
?[1;31m
Start test 12?[0m
?[1;31m
Start test 13?[0m
?[1;31m
Start test 14?[0m
?[0;34m X                 
?[1;31m
Start test 15?[0m
?[0m?[0;34m X   O             
?[1;31m
Start test 16?[0m
?[1;31m
Start test 17?[0m
?[1;31m
Start test 18?[0m
?[1;31m
Start test 19?[0m
?[0m?[0;34m X                 
?[1;31m
Start test 20?[0m
?[0m?[0;34m X     O           
?[1;31m
Start test 21?[0m
?[0m?[0;34m X     O         X 
?[1;31m
Start test 22?[0m
?[0m?[0;34m X     O   O     X 
?[1;31m
Start test 23?[0m
?[0m?[0;34m X     O X O     X 
?[0m?[0;34mX wins
?[1;31m
Start test 24?[0m
?[1;31m
Start test 25?[0m
?[1;31m
Start test 26?[0m
?[0m?[0;34m         X         
?[1;31m
Start test 27?[0m
?[0m?[0;34m O       X         
?[1;31m
Start test 28?[0m
?[0m?[0;34m O       X   X     
?[1;31m
Start test 29?[0m
?[0m?[0;34m O   O   X   X     
?[1;31m
Start test 30?[0m
?[0m?[0;34m O X O   X   X     
?[1;31m
Start test 31?[0m
?[0m?[0;34m O X O   X   X O   
?[1;31m
Start test 32?[0m
?[0m?[0;34m O X O   X X X O   
?[1;31m
Start test 33?[0m
?[0m?[0;34m O X O O X X X O   
?[1;31m
Start test 34?[0m
?[0m?[0;34m O X O O X X X O X 
?[1;31m
Start test 35?[0m
?[1;31m
Start test 36?[0m
?[1;31m
Start test 37?[0m
?[1;31m
Start test 38?[0m
?[1;31m
Start test 39?[0m
?[0m?[0;34m   X               
?[1;31m
Start test 40?[0m
?[0m?[0;34m   X     O         
?[1;31m
Start test 41?[0m
?[0m?[0;34m X X     O         
?[1;31m
Start test 42?[0m
?[0m?[0;34m X X O   O         
?[1;31m
Start test 43?[0m
?[0m?[0;34m X X O   O   X     
?[1;31m
Start test 44?[0m
?[0m?[0;34m X X O O O   X     
?[1;31m
Start test 45?[0m
?[0m?[0;34m X X O O O   X X   
?[1;31m
Start test 46?[0m
?[0m?[0;34m X X O O O O X X   
?[0m?[0;34mO wins
?[1;31m
Start test 47?[0m
?[1;31m
Start test 48?[0m
?[1;31m
Start test 49?[0m
?[1;31m
Start test 50?[0m
?[1;31m
Start test 51?[0m
?[1;31m
Start test 52?[0m
?[1;31m
Start test 53?[0m
?[1;31m
Start test 54?[0m
?[1;31m
Start test 55?[0m
?[0m?[0;34m             X     
?[1;31m
Start test 56?[0m
?[0m?[0;34m       O     X     
?[1;31m
Start test 57?[0m
?[0m?[0;34m       O X   X     
?[1;31m
Start test 58?[0m
?[0m?[0;34m       O X   X O   
?[1;31m
Start test 59?[0m
?[0m?[0;34m     X O X   X O   
?[0m?[0;34mX wins
?[1;31m
Start test 60?[0m
?[1;31m
Start test 61?[0m
?[1;31m
Start test 62?[0m
?[1;31m
Start test 63?[0m
?[1;31m
Start test 64?[0m
?[1;31m
Start test 65?[0m
?[1;31m
Start test 66?[0m
?[0m?[0;34m         X         
?[1;31m
Start test 67?[0m
?[1;31m
Start test 68?[0m
?[1;31m
Start test 69?[0m
?[0m?[0;34m         X   O     
?[1;31m
Start test 70?[0m
?[1;31m
Start test 71?[0m
?[1;31m
Start test 72?[0m
?[1;31m
Start test 73?[0m
?[1;31m
Start test 74?[0m
?[1;31m
Start test 75?[0m
?[1;31m
Start test 76?[0m
?[1;31m
Start test 77?[0m
?[0m?[0;34m           X       
]]></system-out>
  <system-err><![CDATA[]]></system-err>
</testsuite>
